<?xml version="1.0" encoding="UTF-8" ?>
<testsuite errors="0" failures="0" hostname="SMI-WIN-241" name="retrospector.javafx.bundles.BundleUtilsTest" skipped="0" tests="4" time="0.301" timestamp="2018-11-11T23:54:16">
  <properties>
    <property name="netbeans.autoupdate.country" value="US" />
    <property name="javafx.binarycss" value="false" />
    <property name="javac.test.classpath" value="C:\Program Files\Java\jdk1.8.0_171\jre/lib/javaws.jar:C:\Program Files\Java\jdk1.8.0_171\jre/lib/deploy.jar:C:\Program Files\Java\jdk1.8.0_171\jre/lib/plugin.jar:../../../../../Projects/Retrospector-Hsqldb/dist/Retrospector-Hsqldb.jar:../../../../../Projects/Retrospector-Core/dist/Retrospector-Core.jar:C:\Users\bbolen\Documents\NetBeansProjects\Library\hsqldb.jar;C:\Users\bbolen\Documents\NetBeansProjects\Library\commons-dbutils-1.6.jar:C:\Users\bbolen\Documents\NetBeansProjects\Library\controlsfx-8.40.12.jar;C:\Users\bbolen\Documents\NetBeansProjects\Library\UndecoratorBis.jar:C:\Users\bbolen\Documents\NetBeansProjects\Library\afterburner.fx-1.7.0.jar:build/classes:C:\Users\bbolen\Documents\Netbeans\platform\modules\ext\junit-4.12.jar:C:\Users\bbolen\Documents\NetBeansProjects\Library\guava-18.0.jar;C:\Users\bbolen\Documents\NetBeansProjects\Library\hamcrest-all-1.3.jar;C:\Users\bbolen\Documents\NetBeansProjects\Library\jsr305-1.3.9.jar;C:\Users\bbolen\Documents\NetBeansProjects\Library\testfx-core-4.0.1-alpha.jar;C:\Users\bbolen\Documents\NetBeansProjects\Library\testfx-junit-4.0.1-alpha.jar:C:\Users\bbolen\Documents\NetBeansProjects\Library\byte-buddy-1.8.10.jar;C:\Users\bbolen\Documents\NetBeansProjects\Library\byte-buddy-agent-1.8.10.jar;C:\Users\bbolen\Documents\NetBeansProjects\Library\mockito-core-2.19.0.jar;C:\Users\bbolen\Documents\NetBeansProjects\Library\objenesis-2.6.jar" />
    <property name="manifest.custom.codebase" value="*" />
    <property name="javac.test.sourcepath" value="C:\Users\bbolen\Documents\NetBeansProjects\Retrospector-JavaFx\build\empty" />
    <property name="ant.core.lib" value="C:\Users\bbolen\Documents\Netbeans\extide\ant\lib\ant.jar" />
    <property name="javadoc.windowtitle" value="" />
    <property name="javafx.preloader.enabled" value="false" />
    <property name="user.dir" value="C:\Users\bbolen\Documents\NetBeansProjects\Retrospector-JavaFx" />
    <property name="java.vm.version" value="25.171-b11" />
    <property name="libs.eclipselinkmodelgen.src" value="" />
    <property name="javadoc.notree" value="false" />
    <property name="netbeans.autoupdate.version" value="1.23" />
    <property name="javac.profile.cmd.line.arg" value="" />
    <property name="jdk.home" value="C:\Program Files\Java\jdk1.8.0_171" />
    <property name="libs.javac-api.src" value="" />
    <property name="javafx.enabled" value="true" />
    <property name="javadoc.noindex" value="false" />
    <property name="sun.os.patch.level" value="" />
    <property name="auxiliary.org-netbeans-modules-projectapi.issue214819_5f_fx_5f_enabled" value="true" />
    <property name="java.vm.specification.name" value="Java Virtual Machine Specification" />
    <property name="nb.show.statistics.ui" value="usageStatisticsEnabled" />
    <property name="libs.TestFx.src" value="" />
    <property name="netbeans.autoupdate.variant" value="" />
    <property name="have.tests" value="true" />
    <property name="libs.Retrospector-Hsqldb-Dependencies.src" value="" />
    <property name="org.xml.sax.driver" value="com.sun.org.apache.xerces.internal.jaxp.SAXParserImpl$JAXPSAXParser" />
    <property name="libs.hamcrest.classpath" value="C:\Users\bbolen\Documents\Netbeans\platform\modules\ext\hamcrest-core-1.3.jar" />
    <property name="libs.javac-api.javadoc" value="" />
    <property name="libs.TestFx.classpath" value="C:\Users\bbolen\Documents\NetBeansProjects\Library\guava-18.0.jar;C:\Users\bbolen\Documents\NetBeansProjects\Library\hamcrest-all-1.3.jar;C:\Users\bbolen\Documents\NetBeansProjects\Library\jsr305-1.3.9.jar;C:\Users\bbolen\Documents\NetBeansProjects\Library\testfx-core-4.0.1-alpha.jar;C:\Users\bbolen\Documents\NetBeansProjects\Library\testfx-junit-4.0.1-alpha.jar" />
    <property name="os.name" value="Windows 10" />
    <property name="ap.proc.none.internal" value="" />
    <property name="libs.JWSAntTasks.maven-pom" value="" />
    <property name="libs.testng.src" value="" />
    <property name="javafx.preloader.project.path" value="" />
    <property name="libs.Mockito.javadoc" value="" />
    <property name="java.vendor.url.bug" value="http://bugreport.sun.com/bugreport/" />
    <property name="javafx.preloader.type" value="none" />
    <property name="libs.jaxb.maven-pom" value="" />
    <property name="os.arch" value="amd64" />
    <property name="libs.eclipselink.src" value="" />
    <property name="user.name" value="bbolen" />
    <property name="copylibs.rebase" value="true" />
    <property name="libs.Retrospector-Hsqldb-Dependencies.javadoc" value="" />
    <property name="sun.java.command" value="org.apache.tools.ant.taskdefs.optional.junit.JUnitTestRunner retrospector.javafx.bundles.BundleUtilsTest skipNonTests=false filtertrace=true haltOnError=false haltOnFailure=false showoutput=true outputtoformatters=true logfailedtests=true threadid=0 logtestlistenerevents=true formatter=org.apache.tools.ant.taskdefs.optional.junit.BriefJUnitResultFormatter formatter=org.apache.tools.ant.taskdefs.optional.junit.XMLJUnitResultFormatter,C:\Users\bbolen\Documents\NetBeansProjects\Retrospector-JavaFx\build\test\results\TEST-retrospector.javafx.bundles.BundleUtilsTest.xml crashfile=C:\Users\bbolen\Documents\NetBeansProjects\Retrospector-JavaFx\build\junitvmwatcher3904420722054775293.properties propsfile=C:\Users\bbolen\Documents\NetBeansProjects\Retrospector-JavaFx\build\junit9174275144693123389.properties" />
    <property name="build.classes.dir" value="build/classes" />
    <property name="netbeans.accept_license_class" value="org.netbeans.license.AcceptLicense" />
    <property name="build.sysclasspath" value="ignore" />
    <property name="manifest.encoding" value="UTF-8" />
    <property name="ap.supported.internal" value="true" />
    <property name="java.failonerror" value="true" />
    <property name="run.modulepath" value="" />
    <property name="libs.jaxws21.javadoc" value="C:\Users\bbolen\Documents\Netbeans\java\docs\jaxws-api-doc.zip" />
    <property name="javafx.run.width" value="800" />
    <property name="includes" value="**" />
    <property name="user.country" value="US" />
    <property name="manifest.file" value="manifest.mf" />
    <property name="javadoc.encoding" value="UTF-8" />
    <property name="javac.classpath" value="C:\Program Files\Java\jdk1.8.0_171\jre/lib/javaws.jar:C:\Program Files\Java\jdk1.8.0_171\jre/lib/deploy.jar:C:\Program Files\Java\jdk1.8.0_171\jre/lib/plugin.jar:../../../../../Projects/Retrospector-Hsqldb/dist/Retrospector-Hsqldb.jar:../../../../../Projects/Retrospector-Core/dist/Retrospector-Core.jar:C:\Users\bbolen\Documents\NetBeansProjects\Library\hsqldb.jar;C:\Users\bbolen\Documents\NetBeansProjects\Library\commons-dbutils-1.6.jar:C:\Users\bbolen\Documents\NetBeansProjects\Library\controlsfx-8.40.12.jar;C:\Users\bbolen\Documents\NetBeansProjects\Library\UndecoratorBis.jar:C:\Users\bbolen\Documents\NetBeansProjects\Library\afterburner.fx-1.7.0.jar" />
    <property name="libs.spring-framework400.classpath" value="C:\Users\bbolen\Documents\Netbeans\ide\modules\org-apache-commons-logging.jar;C:\Users\bbolen\Documents\Netbeans\java\modules\ext\cglib-2.2.jar;C:\Users\bbolen\Documents\Netbeans\java\modules\ext\spring-4\spring-aop-4.0.1.RELEASE.jar;C:\Users\bbolen\Documents\Netbeans\java\modules\ext\spring-4\spring-aspects-4.0.1.RELEASE.jar;C:\Users\bbolen\Documents\Netbeans\java\modules\ext\spring-4\spring-beans-4.0.1.RELEASE.jar;C:\Users\bbolen\Documents\Netbeans\java\modules\ext\spring-4\spring-build-src-4.0.1.RELEASE.jar;C:\Users\bbolen\Documents\Netbeans\java\modules\ext\spring-4\spring-context-4.0.1.RELEASE.jar;C:\Users\bbolen\Documents\Netbeans\java\modules\ext\spring-4\spring-context-support-4.0.1.RELEASE.jar;C:\Users\bbolen\Documents\Netbeans\java\modules\ext\spring-4\spring-core-4.0.1.RELEASE.jar;C:\Users\bbolen\Documents\Netbeans\java\modules\ext\spring-4\spring-expression-4.0.1.RELEASE.jar;C:\Users\bbolen\Documents\Netbeans\java\modules\ext\spring-4\spring-framework-bom-4.0.1.RELEASE.jar;C:\Users\bbolen\Documents\Netbeans\java\modules\ext\spring-4\spring-instrument-4.0.1.RELEASE.jar;C:\Users\bbolen\Documents\Netbeans\java\modules\ext\spring-4\spring-instrument-tomcat-4.0.1.RELEASE.jar;C:\Users\bbolen\Documents\Netbeans\java\modules\ext\spring-4\spring-jdbc-4.0.1.RELEASE.jar;C:\Users\bbolen\Documents\Netbeans\java\modules\ext\spring-4\spring-jms-4.0.1.RELEASE.jar;C:\Users\bbolen\Documents\Netbeans\java\modules\ext\spring-4\spring-messaging-4.0.1.RELEASE.jar;C:\Users\bbolen\Documents\Netbeans\java\modules\ext\spring-4\spring-orm-4.0.1.RELEASE.jar;C:\Users\bbolen\Documents\Netbeans\java\modules\ext\spring-4\spring-oxm-4.0.1.RELEASE.jar;C:\Users\bbolen\Documents\Netbeans\java\modules\ext\spring-4\spring-test-4.0.1.RELEASE.jar;C:\Users\bbolen\Documents\Netbeans\java\modules\ext\spring-4\spring-tx-4.0.1.RELEASE.jar;C:\Users\bbolen\Documents\Netbeans\java\modules\ext\spring-4\spring-web-4.0.1.RELEASE.jar;C:\Users\bbolen\Documents\Netbeans\java\modules\ext\spring-4\spring-webmvc-4.0.1.RELEASE.jar;C:\Users\bbolen\Documents\Netbeans\java\modules\ext\spring-4\spring-webmvc-portlet-4.0.1.RELEASE.jar;C:\Users\bbolen\Documents\Netbeans\java\modules\ext\spring-4\spring-websocket-4.0.1.RELEASE.jar" />
    <property name="debug-transport" value="dt_shmem" />
    <property name="netbeans.home" value="C:\Users\bbolen\Documents\Netbeans\platform" />
    <property name="build.compiler.emacs" value="true" />
    <property name="javac.modulepath" value="" />
    <property name="javafx.deploy.includeDT" value="true" />
    <property name="java.endorsed.dirs" value="C:\Program Files\Java\jdk1.8.0_171\jre\lib\endorsed" />
    <property name="netbeans.dynamic.classpath" value="C:\Users\bbolen\Documents\Netbeans\platform\core\asm-all-5.0.1.jar;C:\Users\bbolen\Documents\Netbeans\platform\core\core-base.jar;C:\Users\bbolen\Documents\Netbeans\platform\core\core.jar;C:\Users\bbolen\Documents\Netbeans\platform\core\org-netbeans-libs-asm.jar;C:\Users\bbolen\Documents\Netbeans\platform\core\org-openide-filesystems-compat8.jar;C:\Users\bbolen\Documents\Netbeans\platform\core\org-openide-filesystems.jar;C:\Users\bbolen\Documents\Netbeans\nb\core\org-netbeans-upgrader.jar;C:\Users\bbolen\Documents\Netbeans\nb\core\locale\core_nb.jar" />
    <property name="jnlp.enabled" value="false" />
    <property name="java.vm.specification.version" value="1.8" />
    <property name="plugin.manager.check.updates" value="false" />
    <property name="netbeans.productversion" value="Apache NetBeans IDE Dev (Build incubator-netbeans-release-302-on-20180517)" />
    <property name="javafx.preloader.class" value="" />
    <property name="libs.jaxws21.src" value="" />
    <property name="application.title" value="Retrospector-JavaFx" />
    <property name="netbeans.autoupdate.language" value="en" />
    <property name="java.vendor" value="Oracle Corporation" />
    <property name="jar.index.metainf" value="false" />
    <property name="javac.debug" value="true" />
    <property name="javadoc.splitindex" value="true" />
    <property name="file.separator" value="\" />
    <property name="libs.junit_4.maven-pom" value="" />
    <property name="mkdist.disabled" value="false" />
    <property name="javac.test.processorpath" value="C:\Program Files\Java\jdk1.8.0_171\jre/lib/javaws.jar:C:\Program Files\Java\jdk1.8.0_171\jre/lib/deploy.jar:C:\Program Files\Java\jdk1.8.0_171\jre/lib/plugin.jar:../../../../../Projects/Retrospector-Hsqldb/dist/Retrospector-Hsqldb.jar:../../../../../Projects/Retrospector-Core/dist/Retrospector-Core.jar:C:\Users\bbolen\Documents\NetBeansProjects\Library\hsqldb.jar;C:\Users\bbolen\Documents\NetBeansProjects\Library\commons-dbutils-1.6.jar:C:\Users\bbolen\Documents\NetBeansProjects\Library\controlsfx-8.40.12.jar;C:\Users\bbolen\Documents\NetBeansProjects\Library\UndecoratorBis.jar:C:\Users\bbolen\Documents\NetBeansProjects\Library\afterburner.fx-1.7.0.jar:build/classes:C:\Users\bbolen\Documents\Netbeans\platform\modules\ext\junit-4.12.jar:C:\Users\bbolen\Documents\NetBeansProjects\Library\guava-18.0.jar;C:\Users\bbolen\Documents\NetBeansProjects\Library\hamcrest-all-1.3.jar;C:\Users\bbolen\Documents\NetBeansProjects\Library\jsr305-1.3.9.jar;C:\Users\bbolen\Documents\NetBeansProjects\Library\testfx-core-4.0.1-alpha.jar;C:\Users\bbolen\Documents\NetBeansProjects\Library\testfx-junit-4.0.1-alpha.jar:C:\Users\bbolen\Documents\NetBeansProjects\Library\byte-buddy-1.8.10.jar;C:\Users\bbolen\Documents\NetBeansProjects\Library\byte-buddy-agent-1.8.10.jar;C:\Users\bbolen\Documents\NetBeansProjects\Library\mockito-core-2.19.0.jar;C:\Users\bbolen\Documents\NetBeansProjects\Library\objenesis-2.6.jar" />
    <property name="netbeans.buildnumber" value="incubator-netbeans-release-302-on-20180517" />
    <property name="libs.JWSAntTasks.javadoc" value="" />
    <property name="build.generated.sources.dir" value="build/generated-sources" />
    <property name="user.variant" value="" />
    <property name="libs.eclipselinkmodelgen.classpath" value="C:\Users\bbolen\Documents\Netbeans\java\modules\ext\eclipselink\org.eclipse.persistence.jpa.modelgen.processor-2.5.2.jar" />
    <property name="sun.java.launcher" value="SUN_STANDARD" />
    <property name="libs.jaxb.javadoc" value="C:\Users\bbolen\Documents\Netbeans\ide\docs\jaxb-api-2.2.5-javadoc.jar" />
    <property name="ant.home" value="C:\Users\bbolen\Documents\Netbeans\extide\ant" />
    <property name="libs.junit_4.src" value="C:\Users\bbolen\Documents\Netbeans\platform\docs\junit-4.12-sources.jar" />
    <property name="javafx.run.height" value="600" />
    <property name="libs.testng.classpath" value="C:\Users\bbolen\Documents\Netbeans\platform\modules\ext\testng-6.8.1-dist.jar" />
    <property name="libs.absolutelayout.maven-pom" value="" />
    <property name="ant.java.version" value="1.8" />
    <property name="java.library.path" value="C:\Program Files\Java\jdk1.8.0_171\jre\bin;C:\Windows\Sun\Java\bin;C:\Windows\system32;C:\Windows;C:\Program Files (x86)\Common Files\Oracle\Java\javapath;C:\Windows\system32;C:\Windows;C:\Windows\System32\Wbem;C:\Windows\System32\WindowsPowerShell\v1.0\;C:\Windows\System32\OpenSSH\;C:\ProgramData\chocolatey\bin;C:\Program Files (x86)\Microsoft SQL Server\Client SDK\ODBC\130\Tools\Binn\;C:\Program Files (x86)\Microsoft SQL Server\140\Tools\Binn\;C:\Program Files (x86)\Microsoft SQL Server\140\DTS\Binn\;C:\Program Files (x86)\Microsoft SQL Server\140\Tools\Binn\ManagementStudio\;C:\Program Files\Git\cmd;C:\Program Files\dotnet\;C:\Program Files\Microsoft SQL Server\130\Tools\Binn\;C:\Program Files\Intel\WiFi\bin\;C:\Program Files\Common Files\Intel\WirelessCommon\;C:\Users\bbolen\AppData\Local\Programs\Python\Python37\Scripts\;C:\Users\bbolen\AppData\Local\Programs\Python\Python37\;C:\Users\bbolen\AppData\Local\Programs\Python\Launcher\;C:\Users\bbolen\AppData\Roaming\local\bin;C:\Users\bbolen\AppData\Local\Microsoft\WindowsApps;C:\Program Files (x86)\Inno Setup 5;C:\Users\bbolen\bin;C:\Program Files\Intel\WiFi\bin\;C:\Program Files\Common Files\Intel\WirelessCommon\;." />
    <property name="javadoc.author" value="false" />
    <property name="java.util.logging.config.class" value="org.netbeans.core.startup.TopLogging" />
    <property name="libs.spring-framework400.src" value="" />
    <property name="libs.PostgreSQLDriver.src" value="" />
    <property name="sun.arch.data.model" value="64" />
    <property name="basedir" value="C:\Users\bbolen\Documents\NetBeansProjects\Retrospector-JavaFx" />
    <property name="libs.jpa20-persistence.maven-pom" value="" />
    <property name="jar.compress" value="false" />
    <property name="ant.file.Retrospector-JavaFx" value="C:\Users\bbolen\Documents\NetBeansProjects\Retrospector-JavaFx\build.xml" />
    <property name="path.separator" value=";" />
    <property name="ant.junit.enabletestlistenerevents" value="true" />
    <property name="sun.io.unicode.encoding" value="UnicodeLittle" />
    <property name="libs.jaxws21.classpath" value="C:\Users\bbolen\Documents\Netbeans\java\modules\ext\jaxws22\FastInfoset.jar;C:\Users\bbolen\Documents\Netbeans\java\modules\ext\jaxws22\gmbal-api-only.jar;C:\Users\bbolen\Documents\Netbeans\java\modules\ext\jaxws22\ha-api.jar;C:\Users\bbolen\Documents\Netbeans\java\modules\ext\jaxws22\javax.mail_1.4.jar;C:\Users\bbolen\Documents\Netbeans\java\modules\ext\jaxws22\jaxws-rt.jar;C:\Users\bbolen\Documents\Netbeans\java\modules\ext\jaxws22\jaxws-tools.jar;C:\Users\bbolen\Documents\Netbeans\java\modules\ext\jaxws22\management-api.jar;C:\Users\bbolen\Documents\Netbeans\java\modules\ext\jaxws22\mimepull.jar;C:\Users\bbolen\Documents\Netbeans\java\modules\ext\jaxws22\policy.jar;C:\Users\bbolen\Documents\Netbeans\java\modules\ext\jaxws22\saaj-impl.jar;C:\Users\bbolen\Documents\Netbeans\java\modules\ext\jaxws22\stax-ex.jar;C:\Users\bbolen\Documents\Netbeans\java\modules\ext\jaxws22\stax2-api.jar;C:\Users\bbolen\Documents\Netbeans\java\modules\ext\jaxws22\streambuffer.jar;C:\Users\bbolen\Documents\Netbeans\java\modules\ext\jaxws22\woodstox-core-asl.jar;C:\Users\bbolen\Documents\Netbeans\java\modules\ext\jaxws22\api\jaxws-api.jar;C:\Users\bbolen\Documents\Netbeans\java\modules\ext\jaxws22\api\jsr181-api.jar;C:\Users\bbolen\Documents\Netbeans\java\modules\ext\jaxws22\api\javax.annotation.jar;C:\Users\bbolen\Documents\Netbeans\java\modules\ext\jaxws22\api\saaj-api.jar;C:\Users\bbolen\Documents\Netbeans\ide\modules\ext\jaxb\activation.jar;C:\Users\bbolen\Documents\Netbeans\ide\modules\ext\jaxb\api\jaxb-api.jar" />
    <property name="compile.on.save" value="true" />
    <property name="apple.awt.graphics.UseQuartz" value="true" />
    <property name="user.language" value="en" />
    <property name="testng.mode" value="testng" />
    <property name="libs.JAXB-ENDORSED.maven-pom" value="" />
    <property name="libs.eclipselink.maven-pom" value="" />
    <property name="org.netbeans.io.suspend" value="0" />
    <property name="application.vendor" value="bbolen" />
    <property name="test.binaryincludes" value="&lt;nothing&gt;" />
    <property name="manifest.available" value="true" />
    <property name="libs.spring-framework300.maven-pom" value="" />
    <property name="run.test.classpath" value="C:\Program Files\Java\jdk1.8.0_171\jre/lib/javaws.jar:C:\Program Files\Java\jdk1.8.0_171\jre/lib/deploy.jar:C:\Program Files\Java\jdk1.8.0_171\jre/lib/plugin.jar:../../../../../Projects/Retrospector-Hsqldb/dist/Retrospector-Hsqldb.jar:../../../../../Projects/Retrospector-Core/dist/Retrospector-Core.jar:C:\Users\bbolen\Documents\NetBeansProjects\Library\hsqldb.jar;C:\Users\bbolen\Documents\NetBeansProjects\Library\commons-dbutils-1.6.jar:C:\Users\bbolen\Documents\NetBeansProjects\Library\controlsfx-8.40.12.jar;C:\Users\bbolen\Documents\NetBeansProjects\Library\UndecoratorBis.jar:C:\Users\bbolen\Documents\NetBeansProjects\Library\afterburner.fx-1.7.0.jar:build/classes:C:\Users\bbolen\Documents\Netbeans\platform\modules\ext\junit-4.12.jar:C:\Users\bbolen\Documents\NetBeansProjects\Library\guava-18.0.jar;C:\Users\bbolen\Documents\NetBeansProjects\Library\hamcrest-all-1.3.jar;C:\Users\bbolen\Documents\NetBeansProjects\Library\jsr305-1.3.9.jar;C:\Users\bbolen\Documents\NetBeansProjects\Library\testfx-core-4.0.1-alpha.jar;C:\Users\bbolen\Documents\NetBeansProjects\Library\testfx-junit-4.0.1-alpha.jar:C:\Users\bbolen\Documents\NetBeansProjects\Library\byte-buddy-1.8.10.jar;C:\Users\bbolen\Documents\NetBeansProjects\Library\byte-buddy-agent-1.8.10.jar;C:\Users\bbolen\Documents\NetBeansProjects\Library\mockito-core-2.19.0.jar;C:\Users\bbolen\Documents\NetBeansProjects\Library\objenesis-2.6.jar:build/test/classes" />
    <property name="reference.Retrospector-Core.jar" value="../../../../../Projects/Retrospector-Core/dist/Retrospector-Core.jar" />
    <property name="ant.project.invoked-targets" value="test" />
    <property name="test.binaryexcludes" value="" />
    <property name="sun.java2d.dpiaware" value="true" />
    <property name="project.Retrospector-Core" value="../../../../../Projects/Retrospector-Core" />
    <property name="https.nonProxyHosts" value="localhost|127.0.0.1|SMI-WIN-241" />
    <property name="libs.PostgreSQLDriver.maven-pom" value="" />
    <property name="java.class.version" value="52.0" />
    <property name="libs.Afterburner.fx.src" value="" />
    <property name="libs.eclipselink.javadoc" value="C:\Users\bbolen\Documents\Netbeans\java\modules\ext\docs\javax.persistence-2.1.0-doc.zip" />
    <property name="user.properties.file" value="C:\Users\bbolen\AppData\Roaming\NetBeans\dev\build.properties" />
    <property name="libs.Retrospector-JavaFx-Dependencies.maven-pom" value="" />
    <property name="runtime.encoding" value="UTF-8" />
    <property name="javafx.rebase.libs" value="false" />
    <property name="libs.javac-api.maven-pom" value="" />
    <property name="file.encoding.pkg" value="sun.io" />
    <property name="sun.cpu.endian" value="little" />
    <property name="libs.JAXB-ENDORSED.javadoc" value="" />
    <property name="libs.JWSAntTasks.classpath" value="C:\Users\bbolen\Documents\Netbeans\java\ant\extra\org-netbeans-modules-javawebstart-anttasks.jar" />
    <property name="libs.spring-framework300.src" value="" />
    <property name="empty.dir" value="C:\Users\bbolen\Documents\NetBeansProjects\Retrospector-JavaFx\build\empty" />
    <property name="javafx.deploy.backgroundupdate" value="false" />
    <property name="javafx.disable.concurrent.runs" value="false" />
    <property name="test.binarytestincludes" value="" />
    <property name="javafx.preloader.jar.path" value="" />
    <property name="javadoc.preview" value="true" />
    <property name="libs.jpa20-persistence.javadoc" value="C:\Users\bbolen\Documents\Netbeans\java\modules\ext\docs\javax.persistence-2.1.0-doc.zip" />
    <property name="java.home" value="C:\Program Files\Java\jdk1.8.0_171\jre" />
    <property name="debug.test.classpath" value="C:\Program Files\Java\jdk1.8.0_171\jre/lib/javaws.jar:C:\Program Files\Java\jdk1.8.0_171\jre/lib/deploy.jar:C:\Program Files\Java\jdk1.8.0_171\jre/lib/plugin.jar:../../../../../Projects/Retrospector-Hsqldb/dist/Retrospector-Hsqldb.jar:../../../../../Projects/Retrospector-Core/dist/Retrospector-Core.jar:C:\Users\bbolen\Documents\NetBeansProjects\Library\hsqldb.jar;C:\Users\bbolen\Documents\NetBeansProjects\Library\commons-dbutils-1.6.jar:C:\Users\bbolen\Documents\NetBeansProjects\Library\controlsfx-8.40.12.jar;C:\Users\bbolen\Documents\NetBeansProjects\Library\UndecoratorBis.jar:C:\Users\bbolen\Documents\NetBeansProjects\Library\afterburner.fx-1.7.0.jar:build/classes:C:\Users\bbolen\Documents\Netbeans\platform\modules\ext\junit-4.12.jar:C:\Users\bbolen\Documents\NetBeansProjects\Library\guava-18.0.jar;C:\Users\bbolen\Documents\NetBeansProjects\Library\hamcrest-all-1.3.jar;C:\Users\bbolen\Documents\NetBeansProjects\Library\jsr305-1.3.9.jar;C:\Users\bbolen\Documents\NetBeansProjects\Library\testfx-core-4.0.1-alpha.jar;C:\Users\bbolen\Documents\NetBeansProjects\Library\testfx-junit-4.0.1-alpha.jar:C:\Users\bbolen\Documents\NetBeansProjects\Library\byte-buddy-1.8.10.jar;C:\Users\bbolen\Documents\NetBeansProjects\Library\byte-buddy-agent-1.8.10.jar;C:\Users\bbolen\Documents\NetBeansProjects\Library\mockito-core-2.19.0.jar;C:\Users\bbolen\Documents\NetBeansProjects\Library\objenesis-2.6.jar:build/test/classes" />
    <property name="netbeans.importclass" value="org.netbeans.upgrade.AutoUpgrade" />
    <property name="ant.project.default-target" value="default" />
    <property name="annotation.processing.run.all.processors" value="true" />
    <property name="jar.archive.disabled" value="true" />
    <property name="libs.PostgreSQLDriver.javadoc" value="" />
    <property name="javafx.main.class" value="retrospector.javafx.startup.Bootstrapper" />
    <property name="netbeans.extbrowser.manual_chrome_plugin_install" value="yes" />
    <property name="javafx.application.implementation.version" value="1.0" />
    <property name="http.nonProxyHosts" value="localhost|127.0.0.1|SMI-WIN-241" />
    <property name="libs.junit_4.javadoc" value="C:\Users\bbolen\Documents\Netbeans\platform\docs\junit-4.12-javadoc.jar" />
    <property name="javac.test.modulepath" value="" />
    <property name="run.classpath" value="dist/Retrospector-JavaFx.jar:C:\Program Files\Java\jdk1.8.0_171\jre/lib/javaws.jar:C:\Program Files\Java\jdk1.8.0_171\jre/lib/deploy.jar:C:\Program Files\Java\jdk1.8.0_171\jre/lib/plugin.jar:../../../../../Projects/Retrospector-Hsqldb/dist/Retrospector-Hsqldb.jar:../../../../../Projects/Retrospector-Core/dist/Retrospector-Core.jar:C:\Users\bbolen\Documents\NetBeansProjects\Library\hsqldb.jar;C:\Users\bbolen\Documents\NetBeansProjects\Library\commons-dbutils-1.6.jar:C:\Users\bbolen\Documents\NetBeansProjects\Library\controlsfx-8.40.12.jar;C:\Users\bbolen\Documents\NetBeansProjects\Library\UndecoratorBis.jar:C:\Users\bbolen\Documents\NetBeansProjects\Library\afterburner.fx-1.7.0.jar:build/classes" />
    <property name="endorsed.javafx.ant.classpath" value="." />
    <property name="jna.boot.library.name" value="jnidispatch-440" />
    <property name="sun.awt.datatransfer.timeout" value="1000" />
    <property name="annotation.processing.enabled.in.editor" value="false" />
    <property name="libs.Mockito.src" value="" />
    <property name="libs.Retrospector-JavaFx-Dependencies.javadoc" value="" />
    <property name="nb.native.filechooser" value="false" />
    <property name="sun.management.compiler" value="HotSpot 64-Bit Tiered Compilers" />
    <property name="javac.deprecation" value="false" />
    <property name="javadoc.use" value="true" />
    <property name="sun.java2d.noddraw" value="true" />
    <property name="javac.processorpath" value="C:\Program Files\Java\jdk1.8.0_171\jre/lib/javaws.jar:C:\Program Files\Java\jdk1.8.0_171\jre/lib/deploy.jar:C:\Program Files\Java\jdk1.8.0_171\jre/lib/plugin.jar:../../../../../Projects/Retrospector-Hsqldb/dist/Retrospector-Hsqldb.jar:../../../../../Projects/Retrospector-Core/dist/Retrospector-Core.jar:C:\Users\bbolen\Documents\NetBeansProjects\Library\hsqldb.jar;C:\Users\bbolen\Documents\NetBeansProjects\Library\commons-dbutils-1.6.jar:C:\Users\bbolen\Documents\NetBeansProjects\Library\controlsfx-8.40.12.jar;C:\Users\bbolen\Documents\NetBeansProjects\Library\UndecoratorBis.jar:C:\Users\bbolen\Documents\NetBeansProjects\Library\afterburner.fx-1.7.0.jar" />
    <property name="libs.Retrospector-Hsqldb-Dependencies.classpath" value="C:\Users\bbolen\Documents\NetBeansProjects\Library\hsqldb.jar;C:\Users\bbolen\Documents\NetBeansProjects\Library\commons-dbutils-1.6.jar" />
    <property name="libs.hamcrest.maven-pom" value="" />
    <property name="libs.TestFx.maven-pom" value="" />
    <property name="javac.compilerargs" value="" />
    <property name="ant.file" value="C:\Users\bbolen\Documents\NetBeansProjects\Retrospector-JavaFx\build.xml" />
    <property name="libs.Mockito.classpath" value="C:\Users\bbolen\Documents\NetBeansProjects\Library\byte-buddy-1.8.10.jar;C:\Users\bbolen\Documents\NetBeansProjects\Library\byte-buddy-agent-1.8.10.jar;C:\Users\bbolen\Documents\NetBeansProjects\Library\mockito-core-2.19.0.jar;C:\Users\bbolen\Documents\NetBeansProjects\Library\objenesis-2.6.jar" />
    <property name="libs.Afterburner.fx.classpath" value="C:\Users\bbolen\Documents\NetBeansProjects\Library\afterburner.fx-1.7.0.jar" />
    <property name="java.vm.specification.vendor" value="Oracle Corporation" />
    <property name="org.openide.major.version" value="IDE/1" />
    <property name="java.vm.name" value="Java HotSpot(TM) 64-Bit Server VM" />
    <property name="javafx.preloader.jar.filename" value="" />
    <property name="netbeans.user" value="C:\Users\bbolen\AppData\Roaming\NetBeans\dev" />
    <property name="javadoc.additionalparam" value="" />
    <property name="java.io.tmpdir" value="C:\Users\bbolen\AppData\Local\Temp\" />
    <property name="javafx.run.inbrowser.path" value="C:\Program Files\Internet Explorer\IEXPLORE.EXE" />
    <property name="java.vendor.url" value="http://java.oracle.com/" />
    <property name="endorsed.classpath.cmd.line.arg" value="" />
    <property name="jna.loaded" value="true" />
    <property name="junit.available" value="true" />
    <property name="do.jlink" value="false" />
    <property name="org.openide.awt.ActionReference.completion" value="org.netbeans.modules.apisupport.project.layers.PathCompletions" />
    <property name="sun.boot.library.path" value="C:\Program Files\Java\jdk1.8.0_171\jre\bin" />
    <property name="have.sources" value="true" />
    <property name="libs.hamcrest.javadoc" value="" />
    <property name="debug.classpath" value="dist/Retrospector-JavaFx.jar:C:\Program Files\Java\jdk1.8.0_171\jre/lib/javaws.jar:C:\Program Files\Java\jdk1.8.0_171\jre/lib/deploy.jar:C:\Program Files\Java\jdk1.8.0_171\jre/lib/plugin.jar:../../../../../Projects/Retrospector-Hsqldb/dist/Retrospector-Hsqldb.jar:../../../../../Projects/Retrospector-Core/dist/Retrospector-Core.jar:C:\Users\bbolen\Documents\NetBeansProjects\Library\hsqldb.jar;C:\Users\bbolen\Documents\NetBeansProjects\Library\commons-dbutils-1.6.jar:C:\Users\bbolen\Documents\NetBeansProjects\Library\controlsfx-8.40.12.jar;C:\Users\bbolen\Documents\NetBeansProjects\Library\UndecoratorBis.jar:C:\Users\bbolen\Documents\NetBeansProjects\Library\afterburner.fx-1.7.0.jar:build/classes" />
    <property name="javac.external.vm" value="false" />
    <property name="javadoc.private" value="false" />
    <property name="test.src.dir" value="test" />
    <property name="ap.processors.internal" value="" />
    <property name="meta.inf.dir" value="src/META-INF" />
    <property name="javadoc.encoding.used" value="UTF-8" />
    <property name="dist.jar" value="dist/Retrospector-JavaFx.jar" />
    <property name="libs.spring-framework400.maven-pom" value="" />
    <property name="java.runtime.name" value="Java(TM) SE Runtime Environment" />
    <property name="debug.test.modulepath" value="" />
    <property name="ant.project.name" value="Retrospector-JavaFx" />
    <property name="reference.Retrospector-Hsqldb.jar" value="../../../../../Projects/Retrospector-Hsqldb/dist/Retrospector-Hsqldb.jar" />
    <property name="netbeans.hash.code" value="unique=0812c9458-9af0-4c9f-8ad0-4d59eb8b1fee_328115b1-66fa-41e9-8b54-f8b9f721977a" />
    <property name="netbeans.default_userdir_root" value="C:\Users\bbolen\AppData\Roaming\NetBeans" />
    <property name="sun.cpu.isalist" value="amd64" />
    <property name="libs.spring-framework400.javadoc" value="" />
    <property name="libs.CopyLibs.javadoc" value="" />
    <property name="javadoc.html5" value="false" />
    <property name="org.openide.specification.version" value="6.2" />
    <property name="javafx.classpath.extension" value="C:\Program Files\Java\jdk1.8.0_171\jre/lib/javaws.jar:C:\Program Files\Java\jdk1.8.0_171\jre/lib/deploy.jar:C:\Program Files\Java\jdk1.8.0_171\jre/lib/plugin.jar" />
    <property name="user.home" value="C:\Users\bbolen" />
    <property name="annotation.processing.processors.list" value="" />
    <property name="libs.JWSAntTasks.src" value="" />
    <property name="jar.index" value="false" />
    <property name="libs.CopyLibs.maven-pom" value="" />
    <property name="libs.spring-framework300.javadoc" value="" />
    <property name="libs.absolutelayout.javadoc" value="" />
    <property name="java.specification.name" value="Java Platform API Specification" />
    <property name="jlink.strip" value="false" />
    <property name="java.specification.vendor" value="Oracle Corporation" />
    <property name="libs.javac-api.classpath" value="" />
    <property name="java.version" value="1.8.0_171" />
    <property name="run.jvmargs.ide" value="" />
    <property name="javadoc.version" value="false" />
    <property name="javac.processormodulepath" value="" />
    <property name="org.openide.version" value="deprecated" />
    <property name="platform.java" value="C:\Program Files\Java\jdk1.8.0_171\jre/bin/java" />
    <property name="source.encoding" value="UTF-8" />
    <property name="ap.cmd.line.internal" value="" />
    <property name="libs.eclipselinkmodelgen.maven-pom" value="" />
    <property name="libs.Retrospector-JavaFx-Dependencies.src" value="" />
    <property name="ant.file.type.jfx-impl" value="file" />
    <property name="libs.eclipselinkmodelgen.javadoc" value="" />
    <property name="ant.file.jfx-impl" value="C:\Users\bbolen\Documents\NetBeansProjects\Retrospector-JavaFx\nbproject\jfx-impl.xml" />
    <property name="netbeans.home+have.tests" value="true" />
    <property name="annotation.processing.processor.options" value="" />
    <property name="libs.testng.maven-pom" value="" />
    <property name="ant.file.Retrospector-JavaFx-impl" value="C:\Users\bbolen\Documents\NetBeansProjects\Retrospector-JavaFx\nbproject\build-impl.xml" />
    <property name="libs.jaxb.src" value="" />
    <property name="jdk.launcher.addexports.5" value="java.management/sun.management=ALL-UNNAMED" />
    <property name="jdk.launcher.addexports.4" value="java.desktop/com.sun.java.swing.plaf.windows=ALL-UNNAMED" />
    <property name="jdk.launcher.addexports.3" value="java.desktop/sun.awt.im=ALL-UNNAMED" />
    <property name="work.dir" value="C:\Users\bbolen\Documents\NetBeansProjects\Retrospector-JavaFx" />
    <property name="jdk.launcher.addexports.2" value="java.desktop/java.awt.peer=ALL-UNNAMED" />
    <property name="compile.on.save.unsupported.javafx" value="true" />
    <property name="libs.jaxb.classpath" value="C:\Users\bbolen\Documents\Netbeans\ide\modules\ext\jaxb\jaxb-impl-2.2.5-2.jar;C:\Users\bbolen\Documents\Netbeans\ide\modules\ext\jaxb\jaxb-xjc-2.2.5-2.jar;C:\Users\bbolen\Documents\Netbeans\ide\modules\ext\jaxb\jaxb1-impl-2.2.5-2.jar;C:\Users\bbolen\Documents\Netbeans\ide\modules\ext\jaxb\activation.jar;C:\Users\bbolen\Documents\Netbeans\ide\modules\ext\jaxb\api\jaxb-api.jar" />
    <property name="jdk.launcher.addexports.1" value="java.base/jdk.internal.jrtfs=ALL-UNNAMED" />
    <property name="jdk.launcher.addexports.0" value="java.desktop/sun.awt=ALL-UNNAMED" />
    <property name="do.depend" value="false" />
    <property name="dist.javadoc.dir" value="dist/javadoc" />
    <property name="build.generated.dir" value="build/generated" />
    <property name="javac.source" value="1.8" />
    <property name="javafx.fallback.class" value="com.javafx.main.NoJavaFXFallback" />
    <property name="line.separator" value="&#xd;&#xa;" />
    <property name="java.specification.version" value="1.8" />
    <property name="libs.jaxws21.maven-pom" value="" />
    <property name="java.vm.info" value="mixed mode" />
    <property name="nb.junit.batch" value="true" />
    <property name="junit.forkmode" value="perTest" />
    <property name="netbeans.logger.console" value="true" />
    <property name="sun.boot.class.path" value="C:\Program Files\Java\jdk1.8.0_171\jre\lib\resources.jar;C:\Program Files\Java\jdk1.8.0_171\jre\lib\rt.jar;C:\Program Files\Java\jdk1.8.0_171\jre\lib\sunrsasign.jar;C:\Program Files\Java\jdk1.8.0_171\jre\lib\jsse.jar;C:\Program Files\Java\jdk1.8.0_171\jre\lib\jce.jar;C:\Program Files\Java\jdk1.8.0_171\jre\lib\charsets.jar;C:\Program Files\Java\jdk1.8.0_171\jre\lib\jfr.jar;C:\Program Files\Java\jdk1.8.0_171\jre\classes" />
    <property name="ant.file.type.Retrospector-JavaFx" value="file" />
    <property name="javac.target" value="1.8" />
    <property name="built-jar.properties" value="C:\Users\bbolen\Documents\NetBeansProjects\Retrospector-JavaFx\build\built-jar.properties" />
    <property name="build.test.classes.dir" value="build/test/classes" />
    <property name="src.dir" value="src" />
    <property name="javac.test.compilerargs" value="" />
    <property name="annotation.processing.enabled" value="true" />
    <property name="sun.awt.keepWorkingSetOnMinimize" value="true" />
    <property name="libs.jpa20-persistence.src" value="" />
    <property name="ignore.failing.tests" value="true" />
    <property name="javafx.enable.concurrent.external.runs" value="false" />
    <property name="javafx.deploy.embedJNLP" value="true" />
    <property name="dist.dir" value="dist" />
    <property name="jlink.launcher" value="false" />
    <property name="testng.debug.mode" value="" />
    <property name="javac.fork" value="false" />
    <property name="java.awt.printerjob" value="sun.awt.windows.WPrinterJob" />
    <property name="default.javac.source" value="1.8" />
    <property name="debug-transport-by-os" value="dt_shmem" />
    <property name="sun.jnu.encoding" value="Cp1252" />
    <property name="project.Retrospector-Hsqldb" value="../../../../../Projects/Retrospector-Hsqldb" />
    <property name="run.test.jvmargs" value="" />
    <property name="build.test.results.dir" value="build/test/results" />
    <property name="java.runtime.version" value="1.8.0_171-b11" />
    <property name="javafx.run.inbrowser" value="&lt;Default System Browser&gt;" />
    <property name="default.javac.target" value="1.8" />
    <property name="libs.junit_4.classpath" value="C:\Users\bbolen\Documents\Netbeans\platform\modules\ext\junit-4.12.jar" />
    <property name="user.timezone" value="" />
    <property name="nb.junit.single" value="false" />
    <property name="do.jar" value="true" />
    <property name="netbeans.dirs" value="C:\Users\bbolen\Documents\Netbeans\nb;C:\Users\bbolen\Documents\Netbeans\ergonomics;C:\Users\bbolen\Documents\Netbeans\ide;C:\Users\bbolen\Documents\Netbeans\extide;C:\Users\bbolen\Documents\Netbeans\java;C:\Users\bbolen\Documents\Netbeans\apisupport;C:\Users\bbolen\Documents\Netbeans\webcommon;C:\Users\bbolen\Documents\Netbeans\websvccommon;C:\Users\bbolen\Documents\Netbeans\enterprise;C:\Users\bbolen\Documents\Netbeans\mobility;C:\Users\bbolen\Documents\Netbeans\profiler;C:\Users\bbolen\Documents\Netbeans\python;C:\Users\bbolen\Documents\Netbeans\php;C:\Users\bbolen\Documents\Netbeans\identity;C:\Users\bbolen\Documents\Netbeans\harness;C:\Users\bbolen\Documents\Netbeans\cnd;C:\Users\bbolen\Documents\Netbeans\cndext;C:\Users\bbolen\Documents\Netbeans\dlight;C:\Users\bbolen\Documents\Netbeans\groovy;C:\Users\bbolen\Documents\Netbeans\extra;C:\Users\bbolen\Documents\Netbeans\javacard;C:\Users\bbolen\Documents\Netbeans\javafx" />
    <property name="ant.file.type.Retrospector-JavaFx-impl" value="file" />
    <property name="java.ext.dirs" value="C:\Program Files\Java\jdk1.8.0_171\jre\lib\ext;C:\Windows\Sun\Java\lib\ext" />
    <property name="endorsed.classpath" value="" />
    <property name="libs.absolutelayout.classpath" value="C:\Users\bbolen\Documents\Netbeans\java\modules\ext\AbsoluteLayout.jar" />
    <property name="excludes" value="" />
    <property name="libs.TestFx.javadoc" value="" />
    <property name="apple.laf.useScreenMenuBar" value="true" />
    <property name="java.class.path" value="C:\Program Files\Java\jdk1.8.0_171\jre\lib\javaws.jar;C:\Program Files\Java\jdk1.8.0_171\jre\lib\deploy.jar;C:\Program Files\Java\jdk1.8.0_171\jre\lib\plugin.jar;C:\Projects\Retrospector-Hsqldb\dist\Retrospector-Hsqldb.jar;C:\Projects\Retrospector-Core\dist\Retrospector-Core.jar;C:\Users\bbolen\Documents\NetBeansProjects\Library\hsqldb.jar;C:\Users\bbolen\Documents\NetBeansProjects\Library\commons-dbutils-1.6.jar;C:\Users\bbolen\Documents\NetBeansProjects\Library\controlsfx-8.40.12.jar;C:\Users\bbolen\Documents\NetBeansProjects\Library\UndecoratorBis.jar;C:\Users\bbolen\Documents\NetBeansProjects\Library\afterburner.fx-1.7.0.jar;C:\Users\bbolen\Documents\NetBeansProjects\Retrospector-JavaFx\build\classes;C:\Users\bbolen\Documents\Netbeans\platform\modules\ext\junit-4.12.jar;C:\Users\bbolen\Documents\NetBeansProjects\Library\guava-18.0.jar;C:\Users\bbolen\Documents\NetBeansProjects\Library\hamcrest-all-1.3.jar;C:\Users\bbolen\Documents\NetBeansProjects\Library\jsr305-1.3.9.jar;C:\Users\bbolen\Documents\NetBeansProjects\Library\testfx-core-4.0.1-alpha.jar;C:\Users\bbolen\Documents\NetBeansProjects\Library\testfx-junit-4.0.1-alpha.jar;C:\Users\bbolen\Documents\NetBeansProjects\Library\byte-buddy-1.8.10.jar;C:\Users\bbolen\Documents\NetBeansProjects\Library\byte-buddy-agent-1.8.10.jar;C:\Users\bbolen\Documents\NetBeansProjects\Library\mockito-core-2.19.0.jar;C:\Users\bbolen\Documents\NetBeansProjects\Library\objenesis-2.6.jar;C:\Users\bbolen\Documents\NetBeansProjects\Retrospector-JavaFx\build\test\classes;C:\Users\bbolen\Documents\Netbeans\extide\ant\lib\ant-launcher.jar;C:\Users\bbolen\Documents\Netbeans\extide\ant\lib\ant.jar;C:\Users\bbolen\Documents\Netbeans\extide\ant\lib\ant-junit.jar;C:\Users\bbolen\Documents\Netbeans\extide\ant\lib\ant-junit4.jar" />
    <property name="libs.absolutelayout.src" value="" />
    <property name="libs.jpa20-persistence.classpath" value="C:\Users\bbolen\Documents\Netbeans\java\modules\ext\eclipselink\javax.persistence-2.1.0.jar" />
    <property name="os.version" value="10.0" />
    <property name="application.args" value="" />
    <property name="manifest.custom.permissions" value="" />
    <property name="main.class.available" value="true" />
    <property name="sun.awt.enableExtraMouseButtons" value="true" />
    <property name="sun.desktop" value="windows" />
    <property name="jlink.launcher.name" value="Retrospector-JavaFx" />
    <property name="javafx.deploy.allowoffline" value="true" />
    <property name="libs.JAXB-ENDORSED.classpath" value="C:\Users\bbolen\Documents\Netbeans\ide\modules\ext\jaxb\api\jaxb-api.jar" />
    <property name="nb.internal.action.name" value="test" />
    <property name="run.test.modulepath" value="" />
    <property name="libs.eclipselink.classpath" value="C:\Users\bbolen\Documents\Netbeans\java\modules\ext\eclipselink\org.eclipse.persistence.core-2.5.2.jar;C:\Users\bbolen\Documents\Netbeans\java\modules\ext\eclipselink\org.eclipse.persistence.asm-2.5.2.jar;C:\Users\bbolen\Documents\Netbeans\java\modules\ext\eclipselink\org.eclipse.persistence.antlr-2.5.2.jar;C:\Users\bbolen\Documents\Netbeans\java\modules\ext\eclipselink\org.eclipse.persistence.jpa-2.5.2.jar;C:\Users\bbolen\Documents\Netbeans\java\modules\ext\eclipselink\org.eclipse.persistence.jpa.jpql-2.5.2.jar;C:\Users\bbolen\Documents\Netbeans\java\modules\ext\eclipselink\javax.persistence-2.1.0.jar" />
    <property name="java.awt.graphicsenv" value="sun.awt.Win32GraphicsEnvironment" />
    <property name="java.vm.vendor" value="Oracle Corporation" />
    <property name="libs.CopyLibs.classpath" value="C:\Users\bbolen\Documents\Netbeans\java\ant\extra\org-netbeans-modules-java-j2seproject-copylibstask.jar" />
    <property name="libs.spring-framework300.classpath" value="C:\Users\bbolen\Documents\Netbeans\ide\modules\org-apache-commons-logging.jar;C:\Users\bbolen\Documents\Netbeans\java\modules\ext\cglib-2.2.jar;C:\Users\bbolen\Documents\Netbeans\java\modules\ext\spring-3.0\spring-aop-3.2.7.RELEASE.jar;C:\Users\bbolen\Documents\Netbeans\java\modules\ext\spring-3.0\spring-aspects-3.2.7.RELEASE.jar;C:\Users\bbolen\Documents\Netbeans\java\modules\ext\spring-3.0\spring-beans-3.2.7.RELEASE.jar;C:\Users\bbolen\Documents\Netbeans\java\modules\ext\spring-3.0\spring-build-src-3.2.7.RELEASE.jar;C:\Users\bbolen\Documents\Netbeans\java\modules\ext\spring-3.0\spring-context-3.2.7.RELEASE.jar;C:\Users\bbolen\Documents\Netbeans\java\modules\ext\spring-3.0\spring-context-support-3.2.7.RELEASE.jar;C:\Users\bbolen\Documents\Netbeans\java\modules\ext\spring-3.0\spring-core-3.2.7.RELEASE.jar;C:\Users\bbolen\Documents\Netbeans\java\modules\ext\spring-3.0\spring-expression-3.2.7.RELEASE.jar;C:\Users\bbolen\Documents\Netbeans\java\modules\ext\spring-3.0\spring-framework-bom-3.2.7.RELEASE.jar;C:\Users\bbolen\Documents\Netbeans\java\modules\ext\spring-3.0\spring-instrument-3.2.7.RELEASE.jar;C:\Users\bbolen\Documents\Netbeans\java\modules\ext\spring-3.0\spring-instrument-tomcat-3.2.7.RELEASE.jar;C:\Users\bbolen\Documents\Netbeans\java\modules\ext\spring-3.0\spring-jdbc-3.2.7.RELEASE.jar;C:\Users\bbolen\Documents\Netbeans\java\modules\ext\spring-3.0\spring-jms-3.2.7.RELEASE.jar;C:\Users\bbolen\Documents\Netbeans\java\modules\ext\spring-3.0\spring-orm-3.2.7.RELEASE.jar;C:\Users\bbolen\Documents\Netbeans\java\modules\ext\spring-3.0\spring-oxm-3.2.7.RELEASE.jar;C:\Users\bbolen\Documents\Netbeans\java\modules\ext\spring-3.0\spring-struts-3.2.7.RELEASE.jar;C:\Users\bbolen\Documents\Netbeans\java\modules\ext\spring-3.0\spring-test-3.2.7.RELEASE.jar;C:\Users\bbolen\Documents\Netbeans\java\modules\ext\spring-3.0\spring-tx-3.2.7.RELEASE.jar;C:\Users\bbolen\Documents\Netbeans\java\modules\ext\spring-3.0\spring-web-3.2.7.RELEASE.jar;C:\Users\bbolen\Documents\Netbeans\java\modules\ext\spring-3.0\spring-webmvc-3.2.7.RELEASE.jar;C:\Users\bbolen\Documents\Netbeans\java\modules\ext\spring-3.0\spring-webmvc-portlet-3.2.7.RELEASE.jar" />
    <property name="libs.Retrospector-Hsqldb-Dependencies.maven-pom" value="" />
    <property name="libs.hamcrest.src" value="" />
    <property name="run.jvmargs" value="" />
    <property name="libs.JAXB-ENDORSED.src" value="" />
    <property name="libs.testng.javadoc" value="C:\Users\bbolen\Documents\Netbeans\platform\docs\testng-6.8.1-javadoc.zip" />
    <property name="user.script" value="" />
    <property name="libs.PostgreSQLDriver.classpath" value="C:\Users\bbolen\Documents\Netbeans\ide\modules\ext\postgresql-9.4.1209.jar" />
    <property name="libs.Mockito.maven-pom" value="" />
    <property name="annotation.processing.source.output" value="build/generated-sources/ap-source-output" />
    <property name="main.class" value="com.javafx.main.Main" />
    <property name="build.dir" value="build" />
    <property name="libs.CopyLibs.src" value="" />
    <property name="libs.Afterburner.fx.maven-pom" value="" />
    <property name="libs.Retrospector-JavaFx-Dependencies.classpath" value="C:\Users\bbolen\Documents\NetBeansProjects\Library\controlsfx-8.40.12.jar;C:\Users\bbolen\Documents\NetBeansProjects\Library\UndecoratorBis.jar" />
    <property name="debug.modulepath" value="" />
    <property name="ant.version" value="Apache Ant(TM) version 1.10.1 compiled on February 2 2017" />
    <property name="file.encoding" value="Cp1252" />
    <property name="build.classes.excludes" value="**/*.java,**/*.form" />
    <property name="javadoc.nonavbar" value="false" />
    <property name="jdkBug6558476" value="false" />
    <property name="libs.Afterburner.fx.javadoc" value="" />
    <property name="platform.active" value="default_platform" />
    <property name="awt.toolkit" value="sun.awt.windows.WToolkit" />
  </properties>
  <testcase classname="retrospector.javafx.bundles.BundleUtilsTest" name="CoreBundles_HaveAllEnglishKeys" time="0.149" />
  <testcase classname="retrospector.javafx.bundles.BundleUtilsTest" name="getResourceBundles_Achievement_GetsBundles" time="0.046" />
  <testcase classname="retrospector.javafx.bundles.BundleUtilsTest" name="getResourceBundles_Core_GetsBundles" time="0.001" />
  <testcase classname="retrospector.javafx.bundles.BundleUtilsTest" name="AchievementBundles_HaveAllEnglishKeys" time="0.001" />
  <system-out><![CDATA[]]></system-out>
  <system-err><![CDATA[]]></system-err>
</testsuite>
